<?xml version="1.0" encoding="UTF-8"?>
<testsuites name="Cura_TestSuite_MakeAppointmentvalidation_002" time="132.515" tests="4" failures="0" errors="0">
   <testsuite name="Cura_TestSuite_MakeAppointmentvalidation_002" tests="4" failures="0" errors="0" time="132.515" skipped="0" timestamp="25-01-2024T17:24:09" hostname="prasu - prasamsa" id="Test Suites/CURA_TestSuites/Cura_TestSuite_MakeAppointmentvalidation_002">
      <properties>
[...]
</properties>
      <testcase name="Test Cases/TC_CURA_Login_001" time="18.606" classname="Test Cases/TC_CURA_Login_001" status="PASSED">
         <system-out><![CDATA[25-01-2024T17:24:39 - [TEST_CASE][PASSED] - Test Cases/TC_CURA_Login_001: Test Cases/TC_CURA_Login_001

25-01-2024T17:24:39 - [TEST_STEP][PASSED] - click(findTestObject("Object Repository/Cura Pages/CuraPage_Login_OR/Page_CURA Healthcare Service/a_Make Appointment")): Object: 'Object Repository/Cura Pages/CuraPage_Login_OR/Page_CURA Healthcare Service/a_Make Appointment' is clicked on

25-01-2024T17:24:42 - [MESSAGE][PASSED] - Object: 'Object Repository/Cura Pages/CuraPage_Login_OR/Page_CURA Healthcare Service/a_Make Appointment' is clicked on

25-01-2024T17:24:42 - [TEST_STEP][PASSED] - setText(findTestObject("Object Repository/Cura Pages/CuraPage_Login_OR/input_username"), input_username): Text 'John Doe' is set on object 'Object Repository/Cura Pages/CuraPage_Login_OR/input_username'

25-01-2024T17:24:48 - [MESSAGE][PASSED] - Text 'John Doe' is set on object 'Object Repository/Cura Pages/CuraPage_Login_OR/input_username'

25-01-2024T17:24:49 - [TEST_STEP][PASSED] - setText(findTestObject("Object Repository/Cura Pages/CuraPage_Login_OR/input_password"), input_password): Text 'ThisIsNotAPassword' is set on object 'Object Repository/Cura Pages/CuraPage_Login_OR/input_password'

25-01-2024T17:24:54 - [MESSAGE][PASSED] - Text 'ThisIsNotAPassword' is set on object 'Object Repository/Cura Pages/CuraPage_Login_OR/input_password'

25-01-2024T17:24:54 - [TEST_STEP][PASSED] - click(findTestObject("Object Repository/Cura Pages/CuraPage_Login_OR/button_Login")): Object: 'Object Repository/Cura Pages/CuraPage_Login_OR/button_Login' is clicked on

25-01-2024T17:24:57 - [MESSAGE][PASSED] - Object: 'Object Repository/Cura Pages/CuraPage_Login_OR/button_Login' is clicked on]]></system-out>
         <system-err><![CDATA[]]></system-err>
      </testcase>
      <testcase name="Test Cases/TC_CURA_MakeAppointmentvalidation_002" time="60.837" classname="Test Cases/TC_CURA_MakeAppointmentvalidation_002" status="PASSED">
         <system-out><![CDATA[25-01-2024T17:24:57 - [TEST_CASE][PASSED] - Test Cases/TC_CURA_MakeAppointmentvalidation_002: Test Cases/TC_CURA_MakeAppointmentvalidation_002

25-01-2024T17:24:57 - [TEST_STEP][PASSED] - verifyOptionPresentByLabel(findTestObject("Cura Pages/CuraPage_Login_OR/Page_CURA Healthcare Service/Page_CURA Healthcare Service/select_Tokyo CURA Healthcare Center        _5b4107"), "Hongkong CURA Healthcare Center", false, 0): 1 option(s) with label 'Hongkong CURA Healthcare Center' is/are present in object 'Object Repository/Cura Pages/CuraPage_Login_OR/Page_CURA Healthcare Service/Page_CURA Healthcare Service/select_Tokyo CURA Healthcare Center        _5b4107' 

25-01-2024T17:24:57 - [MESSAGE][WARNING] - Timeout '0' is invalid. Using default page load timeout: '30'

25-01-2024T17:25:05 - [MESSAGE][PASSED] - 1 option(s) with label 'Hongkong CURA Healthcare Center' is/are present in object 'Object Repository/Cura Pages/CuraPage_Login_OR/Page_CURA Healthcare Service/Page_CURA Healthcare Service/select_Tokyo CURA Healthcare Center        _5b4107' 

25-01-2024T17:25:05 - [TEST_STEP][PASSED] - selectOptionByValue(findTestObject("Object Repository/Page_CURA Healthcare Service/select_Tokyo CURA Healthcare Center        _5b4107"), "Hongkong CURA Healthcare Center", true): All options with value 'Hongkong CURA Healthcare Center' are selected in object 'Object Repository/Page_CURA Healthcare Service/select_Tokyo CURA Healthcare Center        _5b4107'  using regular expression

25-01-2024T17:25:19 - [MESSAGE][PASSED] - All options with value 'Hongkong CURA Healthcare Center' are selected in object 'Object Repository/Page_CURA Healthcare Service/select_Tokyo CURA Healthcare Center        _5b4107'  using regular expression

25-01-2024T17:25:19 - [TEST_STEP][PASSED] - verifyElementClickable(findTestObject("Object Repository/Page_CURA Healthcare Service/input_hospital_readmission")): Object 'Object Repository/Page_CURA Healthcare Service/input_hospital_readmission' is clickable

25-01-2024T17:25:22 - [MESSAGE][PASSED] - Object 'Object Repository/Page_CURA Healthcare Service/input_hospital_readmission' is clickable

25-01-2024T17:25:22 - [TEST_STEP][PASSED] - click(findTestObject("Object Repository/Page_CURA Healthcare Service/input_hospital_readmission")): Object: 'Object Repository/Page_CURA Healthcare Service/input_hospital_readmission' is clicked on

25-01-2024T17:25:25 - [MESSAGE][PASSED] - Object: 'Object Repository/Page_CURA Healthcare Service/input_hospital_readmission' is clicked on

25-01-2024T17:25:25 - [TEST_STEP][PASSED] - delay(2): Delayed 2 second(s)

25-01-2024T17:25:27 - [MESSAGE][PASSED] - Delayed 2 second(s)

25-01-2024T17:25:27 - [TEST_STEP][PASSED] - unchecked = verifyElementNotChecked(findTestObject("Page_CURA Healthcare Service/input_programs"), 0): Object 'Object Repository/Page_CURA Healthcare Service/input_programs' is not checked

25-01-2024T17:25:27 - [MESSAGE][WARNING] - Timeout '0' is invalid. Using default page load timeout: '30'

25-01-2024T17:25:30 - [MESSAGE][PASSED] - Object 'Object Repository/Page_CURA Healthcare Service/input_programs' is not checked

25-01-2024T17:25:30 - [TEST_STEP][PASSED] - click(findTestObject("Page_CURA Healthcare Service/input_Medicaid_programs")): Object: 'Object Repository/Page_CURA Healthcare Service/input_Medicaid_programs' is clicked on

25-01-2024T17:25:33 - [MESSAGE][PASSED] - Object: 'Object Repository/Page_CURA Healthcare Service/input_Medicaid_programs' is clicked on

25-01-2024T17:25:33 - [TEST_STEP][PASSED] - if (unchecked == "true"): null

25-01-2024T17:25:33 - [TEST_STEP][PASSED] - delay(3): Delayed 3 second(s)

25-01-2024T17:25:36 - [MESSAGE][PASSED] - Delayed 3 second(s)

25-01-2024T17:25:36 - [TEST_STEP][PASSED] - verifyElementChecked(findTestObject("Page_CURA Healthcare Service/input_Medicaid_programs"), 0): Object 'Object Repository/Page_CURA Healthcare Service/input_Medicaid_programs' is checked

25-01-2024T17:25:36 - [MESSAGE][WARNING] - Timeout '0' is invalid. Using default page load timeout: '30'

25-01-2024T17:25:38 - [MESSAGE][PASSED] - Object 'Object Repository/Page_CURA Healthcare Service/input_Medicaid_programs' is checked

25-01-2024T17:25:38 - [TEST_STEP][PASSED] - click(findTestObject("Object Repository/Page_CURA Healthcare Service/span_glyphicon glyphicon-calendar")): Object: 'Object Repository/Page_CURA Healthcare Service/span_glyphicon glyphicon-calendar' is clicked on

25-01-2024T17:25:41 - [MESSAGE][PASSED] - Object: 'Object Repository/Page_CURA Healthcare Service/span_glyphicon glyphicon-calendar' is clicked on

25-01-2024T17:25:41 - [TEST_STEP][PASSED] - click(findTestObject("Object Repository/Page_CURA Healthcare Service/td_17")): Object: 'Object Repository/Page_CURA Healthcare Service/td_17' is clicked on

25-01-2024T17:25:44 - [MESSAGE][PASSED] - Object: 'Object Repository/Page_CURA Healthcare Service/td_17' is clicked on

25-01-2024T17:25:44 - [TEST_STEP][PASSED] - setText(findTestObject("Object Repository/Page_CURA Healthcare Service/textarea_comment"), "Katalon"): Text 'Katalon' is set on object 'Object Repository/Page_CURA Healthcare Service/textarea_comment'

25-01-2024T17:25:50 - [MESSAGE][PASSED] - Text 'Katalon' is set on object 'Object Repository/Page_CURA Healthcare Service/textarea_comment'

25-01-2024T17:25:50 - [TEST_STEP][PASSED] - click(findTestObject("Object Repository/Page_CURA Healthcare Service/button_Book Appointment")): Object: 'Object Repository/Page_CURA Healthcare Service/button_Book Appointment' is clicked on

25-01-2024T17:25:55 - [MESSAGE][PASSED] - Object: 'Object Repository/Page_CURA Healthcare Service/button_Book Appointment' is clicked on

25-01-2024T17:25:55 - [TEST_STEP][PASSED] - click(findTestObject("Object Repository/Page_CURA Healthcare Service/a_Go to Homepage")): Object: 'Object Repository/Page_CURA Healthcare Service/a_Go to Homepage' is clicked on

25-01-2024T17:25:58 - [MESSAGE][PASSED] - Object: 'Object Repository/Page_CURA Healthcare Service/a_Go to Homepage' is clicked on]]></system-out>
         <system-err><![CDATA[]]></system-err>
      </testcase>
      <testcase name="Test Cases/History validation__005" time="8.644" classname="Test Cases/History validation__005" status="PASSED">
         <system-out><![CDATA[25-01-2024T17:25:58 - [TEST_CASE][PASSED] - Test Cases/History validation__005: Test Cases/History validation__005

25-01-2024T17:25:58 - [TEST_STEP][PASSED] - click(findTestObject("Object Repository/Page_CURA Healthcare Service/amenu-toggle")): Object: 'Object Repository/Page_CURA Healthcare Service/amenu-toggle' is clicked on

25-01-2024T17:26:01 - [MESSAGE][PASSED] - Object: 'Object Repository/Page_CURA Healthcare Service/amenu-toggle' is clicked on

25-01-2024T17:26:01 - [TEST_STEP][PASSED] - click(findTestObject("Object Repository/Page_CURA Healthcare Service/a_History")): Object: 'Object Repository/Page_CURA Healthcare Service/a_History' is clicked on

25-01-2024T17:26:04 - [MESSAGE][PASSED] - Object: 'Object Repository/Page_CURA Healthcare Service/a_History' is clicked on

25-01-2024T17:26:04 - [TEST_STEP][PASSED] - verifyElementVisible(findTestObject("Object Repository/Page_CURA Healthcare Service/p_Hongkong CURA Healthcare Center")): Object 'Object Repository/Page_CURA Healthcare Service/p_Hongkong CURA Healthcare Center' is visible

25-01-2024T17:26:07 - [MESSAGE][PASSED] - Object 'Object Repository/Page_CURA Healthcare Service/p_Hongkong CURA Healthcare Center' is visible]]></system-out>
         <system-err><![CDATA[]]></system-err>
      </testcase>
      <testcase name="Test Cases/TC_cura logout__003" time="14.356" classname="Test Cases/TC_cura logout__003" status="PASSED">
         <system-out><![CDATA[25-01-2024T17:26:07 - [TEST_CASE][PASSED] - Test Cases/TC_cura logout__003: Test Cases/TC_cura logout__003

25-01-2024T17:26:07 - [TEST_STEP][PASSED] - click(findTestObject("Object Repository/Page_CURA Healthcare Service/amenu-toggle")): Object: 'Object Repository/Page_CURA Healthcare Service/amenu-toggle' is clicked on

25-01-2024T17:26:10 - [MESSAGE][PASSED] - Object: 'Object Repository/Page_CURA Healthcare Service/amenu-toggle' is clicked on

25-01-2024T17:26:10 - [TEST_STEP][PASSED] - verifyElementClickable(findTestObject("Object Repository/Page_CURA Healthcare Service/a_Logout")): Object 'Object Repository/Page_CURA Healthcare Service/a_Logout' is clickable

25-01-2024T17:26:12 - [MESSAGE][PASSED] - Object 'Object Repository/Page_CURA Healthcare Service/a_Logout' is clickable

25-01-2024T17:26:12 - [TEST_STEP][PASSED] - click(findTestObject("Object Repository/Page_CURA Healthcare Service/a_Logout")): Object: 'Object Repository/Page_CURA Healthcare Service/a_Logout' is clicked on

25-01-2024T17:26:16 - [MESSAGE][PASSED] - Object: 'Object Repository/Page_CURA Healthcare Service/a_Logout' is clicked on

25-01-2024T17:26:16 - [TEST_STEP][PASSED] - click(findTestObject("Object Repository/Page_CURA Healthcare Service/amenu-toggle")): Object: 'Object Repository/Page_CURA Healthcare Service/amenu-toggle' is clicked on

25-01-2024T17:26:18 - [MESSAGE][PASSED] - Object: 'Object Repository/Page_CURA Healthcare Service/amenu-toggle' is clicked on

25-01-2024T17:26:18 - [TEST_STEP][PASSED] - verifyElementClickable(findTestObject("Object Repository/Page_CURA Healthcare Service/a_Login")): Object 'Object Repository/Page_CURA Healthcare Service/a_Login' is clickable

25-01-2024T17:26:21 - [MESSAGE][PASSED] - Object 'Object Repository/Page_CURA Healthcare Service/a_Login' is clickable]]></system-out>
         <system-err><![CDATA[]]></system-err>
      </testcase>
      <system-out><![CDATA[25-01-2024T17:24:09 - [TEST_SUITE][PASSED] - Cura_TestSuite_MakeAppointmentvalidation_002: Test Cases/TC_cura logout__003]]></system-out>
      <system-err><![CDATA[]]></system-err>
   </testsuite>
</testsuites>
